{"log":"Starting redis-server...\n","stream":"stdout","time":"2021-11-30T11:50:19.257518759Z"}
{"log":"1:C 30 Nov 11:50:19.276 # oO0OoO0OoO0Oo Redis is starting oO0OoO0OoO0Oo\n","stream":"stdout","time":"2021-11-30T11:50:19.276928601Z"}
{"log":"1:C 30 Nov 11:50:19.276 # Redis version=4.0.9, bits=64, commit=00000000, modified=0, pid=1, just started\n","stream":"stdout","time":"2021-11-30T11:50:19.276949024Z"}
{"log":"1:C 30 Nov 11:50:19.276 # Configuration loaded\n","stream":"stdout","time":"2021-11-30T11:50:19.276953286Z"}
{"log":"                _._                                                  \n","stream":"stdout","time":"2021-11-30T11:50:19.279094203Z"}
{"log":"           _.-``__ ''-._                                             \n","stream":"stdout","time":"2021-11-30T11:50:19.279110353Z"}
{"log":"      _.-``    `.  `_.  ''-._           Redis 4.0.9 (00000000/0) 64 bit\n","stream":"stdout","time":"2021-11-30T11:50:19.279113281Z"}
{"log":"  .-`` .-```.  ```\\/    _.,_ ''-._                                   \n","stream":"stdout","time":"2021-11-30T11:50:19.279115331Z"}
{"log":" (    '      ,       .-`  | `,    )     Running in standalone mode\n","stream":"stdout","time":"2021-11-30T11:50:19.279117382Z"}
{"log":" |`-._`-...-` __...-.``-._|'` _.-'|     Port: 6379\n","stream":"stdout","time":"2021-11-30T11:50:19.279119333Z"}
{"log":" |    `-._   `._    /     _.-'    |     PID: 1\n","stream":"stdout","time":"2021-11-30T11:50:19.279121277Z"}
{"log":"  `-._    `-._  `-./  _.-'    _.-'                                   \n","stream":"stdout","time":"2021-11-30T11:50:19.279123106Z"}
{"log":" |`-._`-._    `-.__.-'    _.-'_.-'|                                  \n","stream":"stdout","time":"2021-11-30T11:50:19.279124997Z"}
{"log":" |    `-._`-._        _.-'_.-'    |           http://redis.io        \n","stream":"stdout","time":"2021-11-30T11:50:19.279126857Z"}
{"log":"  `-._    `-._`-.__.-'_.-'    _.-'                                   \n","stream":"stdout","time":"2021-11-30T11:50:19.279128682Z"}
{"log":" |`-._`-._    `-.__.-'    _.-'_.-'|                                  \n","stream":"stdout","time":"2021-11-30T11:50:19.27913095Z"}
{"log":" |    `-._`-._        _.-'_.-'    |                                  \n","stream":"stdout","time":"2021-11-30T11:50:19.279132894Z"}
{"log":"  `-._    `-._`-.__.-'_.-'    _.-'                                   \n","stream":"stdout","time":"2021-11-30T11:50:19.279134745Z"}
{"log":"      `-._    `-.__.-'    _.-'                                       \n","stream":"stdout","time":"2021-11-30T11:50:19.279136602Z"}
{"log":"          `-._        _.-'                                           \n","stream":"stdout","time":"2021-11-30T11:50:19.279138466Z"}
{"log":"              `-.__.-'                                               \n","stream":"stdout","time":"2021-11-30T11:50:19.279140306Z"}
{"log":"\n","stream":"stdout","time":"2021-11-30T11:50:19.279142171Z"}
{"log":"1:M 30 Nov 11:50:19.278 # Server initialized\n","stream":"stdout","time":"2021-11-30T11:50:19.279144002Z"}
{"log":"1:M 30 Nov 11:50:19.278 # WARNING overcommit_memory is set to 0! Background save may fail under low memory condition. To fix this issue add 'vm.overcommit_memory = 1' to /etc/sysctl.conf and then reboot or run the command 'sysctl vm.overcommit_memory=1' for this to take effect.\n","stream":"stdout","time":"2021-11-30T11:50:19.279146153Z"}
{"log":"1:M 30 Nov 11:50:19.278 # WARNING you have Transparent Huge Pages (THP) support enabled in your kernel. This will create latency and memory usage issues with Redis. To fix this issue run the command 'echo never \u003e /sys/kernel/mm/transparent_hugepage/enabled' as root, and add it to your /etc/rc.local in order to retain the setting after a reboot. Redis must be restarted after THP is disabled.\n","stream":"stdout","time":"2021-11-30T11:50:19.27914839Z"}
{"log":"1:M 30 Nov 11:50:19.278 * Ready to accept connections\n","stream":"stdout","time":"2021-11-30T11:50:19.279152405Z"}
{"log":"1:M 30 Nov 11:50:19.279 * The server is now ready to accept connections at /var/run/redis/redis-server.sock\n","stream":"stdout","time":"2021-11-30T11:50:19.279154333Z"}
